<?xml version="1.0" encoding="UTF-8"?>
<!-- Generated by org.testng.reporters.JUnitReportReporter -->
<testsuite hostname="PWT-L1019-YOGIT" failures="0" tests="1" name="runnerFBTest.RunFB" time="0.083" errors="0" timestamp="2024-04-01T15:37:15 IST" skipped="0">
  <testcase classname="runnerFBTest.RunFB" name="runScenario" time="0.083"/>
  <system-out/>
</testsuite> <!-- runnerFBTest.RunFB -->
