<?xml version="1.0" encoding="UTF-8"?>
<!-- Generated by org.testng.reporters.JUnitReportReporter -->
<testsuite hostname="PWT-L1019-YOGIT" failures="0" tests="1" name="TestCases.Regression.Regression" time="20.198" errors="0" timestamp="14 May 2024 10:14:58 GMT" skipped="0">
  <testcase classname="TestCases.Regression.Regression" name="tc_01" time="20.198"/>
</testsuite> <!-- TestCases.Regression.Regression -->
